<?xml version="1.0" encoding="UTF-8"?>
<!-- Generated by org.testng.reporters.JUnitReportReporter -->
<testsuite hostname="DESKTOP-DKP1646" failures="0" tests="1" name="test.TC001RegisterAccount" time="14.491" errors="0" timestamp="2024-02-15T16:30:09 IST" skipped="0">
  <testcase classname="test.TC001RegisterAccount" name="Registerpage" time="14.491"/>
</testsuite> <!-- test.TC001RegisterAccount -->
