<?xml version="1.0" encoding="UTF-8"?>
<!-- Generated by org.testng.reporters.JUnitReportReporter -->
<testsuite hostname="DESKTOP-DKP1646" failures="0" tests="4" name="test.TC002LoginAccount" time="124.405" errors="0" timestamp="2024-02-16T13:02:44 IST" skipped="0">
  <testcase classname="test.TC002LoginAccount" name="logintest" time="40.080"/>
  <testcase classname="test.TC002LoginAccount" name="logintest" time="21.914"/>
  <testcase classname="test.TC002LoginAccount" name="logintest" time="38.272"/>
  <testcase classname="test.TC002LoginAccount" name="logintest" time="24.139"/>
</testsuite> <!-- test.TC002LoginAccount -->
